<?xml version="1.0" encoding="UTF-8"?>
<testsuite xmlns:xsi="http://www.w3.org/2001/XMLSchema-instance" xsi:noNamespaceSchemaLocation="https://maven.apache.org/surefire/maven-surefire-plugin/xsd/surefire-test-report.xsd" name="runner.TestRunner" time="23.174" tests="1" errors="1" skipped="0" failures="0">
  <properties>
[...]
</properties>
  <testcase name="Edit your account Information" classname="Retail page" time="19.876">
    <error message="Cannot locate an element using xpath=//h2[text()=&apos;My Account&apos;]&#10;For documentation on this error, please visit: https://www.seleniumhq.org/exceptions/no_such_element.html&#10;Build info: version: &apos;3.141.59&apos;, revision: &apos;e82be7d358&apos;, time: &apos;2018-11-14T08:17:03&apos;&#10;System info: host: &apos;ROOHULLAH&apos;, ip: &apos;10.0.0.117&apos;, os.name: &apos;Windows 11&apos;, os.arch: &apos;amd64&apos;, os.version: &apos;10.0&apos;, java.version: &apos;18.0.1&apos;&#10;Driver info: driver.version: RemoteWebDriver" type="org.openqa.selenium.NoSuchElementException">org.openqa.selenium.NoSuchElementException: 
Cannot locate an element using xpath=//h2[text()='My Account']
For documentation on this error, please visit: https://www.seleniumhq.org/exceptions/no_such_element.html
Build info: version: '3.141.59', revision: 'e82be7d358', time: '2018-11-14T08:17:03'
System info: host: 'ROOHULLAH', ip: '10.0.0.117', os.name: 'Windows 11', os.arch: 'amd64', os.version: '10.0', java.version: '18.0.1'
Driver info: driver.version: RemoteWebDriver
</error>
    <system-out><![CDATA[
@retail12 @retail2
Scenario: Edit your account Information                                                # src/test/resources/Features/Retail.feature:34
  Given User is on Retail website                                                      # stepDef.RetailStepDefinition.user_is_on_retail_website()
  And User click  on MyAccount                                                         # stepDef.RetailStepDefinition.user_click_on_my_account()
  When User click on Login                                                             # stepDef.RetailStepDefinition.user_click_on_login()
  And User enter userName 'lalakaka123@gmail.com' and password  'jan12345'             # stepDef.RetailStepDefinition.user_enter_user_name_and_password(java.lang.String,java.lang.String)
  And User click on Login button                                                       # stepDef.RetailStepDefinition.user_click_on_login_button()
  Then User should be logged in to MyAccount dashboard                                 # stepDef.RetailStepDefinition.user_should_be_logged_in_to_my_account_dashboard()
      org.openqa.selenium.NoSuchElementException: Cannot locate an element using xpath=//h2[text()='My Account']
For documentation on this error, please visit: https://www.seleniumhq.org/exceptions/no_such_element.html
Build info: version: '3.141.59', revision: 'e82be7d358', time: '2018-11-14T08:17:03'
System info: host: 'ROOHULLAH', ip: '10.0.0.117', os.name: 'Windows 11', os.arch: 'amd64', os.version: '10.0', java.version: '18.0.1'
Driver info: driver.version: RemoteWebDriver
	at org.openqa.selenium.remote.RemoteWebDriver.findElement(RemoteWebDriver.java:327)
	at org.openqa.selenium.remote.RemoteWebDriver.findElementByXPath(RemoteWebDriver.java:428)
	at org.openqa.selenium.By$ByXPath.findElement(By.java:353)
	at org.openqa.selenium.remote.RemoteWebDriver.findElement(RemoteWebDriver.java:315)
	at org.openqa.selenium.support.pagefactory.DefaultElementLocator.findElement(DefaultElementLocator.java:69)
	at org.openqa.selenium.support.pagefactory.internal.LocatingElementHandler.invoke(LocatingElementHandler.java:38)
	at jdk.proxy2/jdk.proxy2.$Proxy19.isDisplayed(Unknown Source)
	at pageObjects.RetailPageObject.myAccountTextIsPresent(RetailPageObject.java:69)
	at stepDef.RetailStepDefinition.user_should_be_logged_in_to_my_account_dashboard(RetailStepDefinition.java:84)
	at ✽.User should be logged in to MyAccount dashboard(file:///C:/Users/Roohu/us.tekschool.capstone.bdd/./src/test/resources/Features/Retail.feature:10)

  When User click on 'Edit your account information' link2                             # stepDef.RetailStepDefinition.user_click_on_link2(java.lang.String)
  And User modify below information                                                    # stepDef.RetailStepDefinition.user_modify_below_information(io.cucumber.datatable.DataTable)
  And User click on continiue button                                                   # stepDef.RetailStepDefinition.user_click_on_continue_button()
  Then User should see a messagee 'Success:Your account has been successfully updated' # stepDef.RetailStepDefinition.user_should_see_a_messagee(java.lang.String)
]]></system-out>
    <system-err><![CDATA[log4j:WARN No appenders could be found for logger (.\src\test\resources\input\log4j.properties).
log4j:WARN Please initialize the log4j system properly.
log4j:WARN See http://logging.apache.org/log4j/1.2/faq.html#noconfig for more info.
SLF4J: Failed to load class "org.slf4j.impl.StaticLoggerBinder".
SLF4J: Defaulting to no-operation (NOP) logger implementation
SLF4J: See http://www.slf4j.org/codes.html#StaticLoggerBinder for further details.
Starting ChromeDriver 102.0.5005.61 (0e59bcc00cc4985ce39ad31c150065f159d95ad3-refs/branch-heads/5005@{#819}) on port 64293
Only local connections are allowed.
Please see https://chromedriver.chromium.org/security-considerations for suggestions on keeping ChromeDriver safe.
ChromeDriver was started successfully.
Jun 23, 2022 5:54:36 PM org.openqa.selenium.remote.ProtocolHandshake createSession
INFO: Detected dialect: W3C
]]></system-err>
  </testcase>
</testsuite>